<?xml version="1.0" encoding="UTF-8"?>
<testng-results skipped="0" failed="0" total="1" passed="1">
  <reporter-output>
  </reporter-output>
  <suite name="WebDriver" duration-ms="14021" started-at="2020-05-26T11:08:19Z" finished-at="2020-05-26T11:08:33Z">
    <groups>
    </groups>
    <test name="TestNG" duration-ms="14021" started-at="2020-05-26T11:08:19Z" finished-at="2020-05-26T11:08:33Z">
      <class name="testNG.addbook">
        <test-method status="PASS" signature="verifyTitle()[pri:0, instance:testNG.addbook@2ea6137]" name="verifyTitle" duration-ms="13990" started-at="2020-05-26T16:38:19Z" finished-at="2020-05-26T16:38:33Z">
          <reporter-output>
          </reporter-output>
        </test-method> <!-- verifyTitle -->
      </class> <!-- testNG.addbook -->
    </test> <!-- TestNG -->
  </suite> <!-- WebDriver -->
</testng-results>
